[35m[Appium][39m Welcome to Appium v1.22.3
[35m[Appium][39m Non-default server args:
[35m[Appium][39m   port: 57183
[35m[Appium][39m   tmpDir: C:\Users\user\AppData\Local\Temp\\Katalon\Appium\Temp1700460343372
[35m[Appium][39m   chromedriverPort: 57184
[35m[Appium][39m Deprecated server args:
[35m[Appium][39m   [31m--chromedriver-port[39m => --default-capabilities
[35m[Appium][39m Default capabilities, which will be added to each request unless overridden by desired capabilities:
[35m[Appium][39m   chromedriverPort: 57184
[35m[Appium][39m Appium REST http interface listener started on 0.0.0.0:57183
[35m[HTTP][39m [37m-->[39m [37mGET[39m [37m/wd/hub/status[39m
[35m[HTTP][39m [90m{}[39m
[debug] [35m[GENERIC][39m Calling AppiumDriver.getStatus() with args: []
[debug] [35m[GENERIC][39m Responding to client with driver.getStatus() result: {"build":{"version":"1.22.3"}}
[35m[HTTP][39m [37m<-- GET /wd/hub/status [39m[32m200[39m [90m4 ms - 68[39m
[35m[HTTP][39m [90m[39m
[35m[HTTP][39m [37m-->[39m [37mGET[39m [37m/wd/hub/status[39m
[35m[HTTP][39m [90m{}[39m
[debug] [35m[GENERIC][39m Calling AppiumDriver.getStatus() with args: []
[debug] [35m[GENERIC][39m Responding to client with driver.getStatus() result: {"build":{"version":"1.22.3"}}
[35m[HTTP][39m [37m<-- GET /wd/hub/status [39m[32m200[39m [90m1 ms - 68[39m
[35m[HTTP][39m [90m[39m
[35m[HTTP][39m [37m-->[39m [37mPOST[39m [37m/wd/hub/session[39m
[35m[HTTP][39m [90m{"desiredCapabilities":{"appActivity":".Settings","appPackage":"com.android.settings","newCommandTimeout":1800,"platformVersion":"13","automationName":"uiautomator2","autoGrantPermissions":true,"platformName":"Android","udid":"3458168266003R1","deviceName":"vivo V2110 (Android 13)","platform":"ANDROID","systemPort":8231},"capabilities":{"firstMatch":[{"appium:appActivity":".Settings","appium:appPackage":"com.android.settings","appium:autoGrantPermissions":true,"appium:automationName":"uiautomator2","appium:deviceName":"vivo V2110 (Android 13)","appium:newCommandTimeout":1800,"platform":"ANDROID","platformName":"android","appium:platformVersion":"13","appium:systemPort":8231,"appium:udid":"3458168266003R1"}]}}[39m
[debug] [35m[W3C][39m Calling AppiumDriver.createSession() with args: [{"appActivity":".Settings","appPackage":"com.android.settings","newCommandTimeout":1800,"platformVersion":"13","automationName":"uiautomator2","autoGrantPermissions":true,"platformName":"Android","udid":"3458168266003R1","deviceName":"vivo V2110 (Android 13)","platform":"ANDROID","systemPort":8231},null,{"firstMatch":[{"appium:appActivity":".Settings","appium:appPackage":"com.android.settings","appium:autoGrantPermissions":true,"appium:automationName":"uiautomator2","appium:deviceName":"vivo V2110 (Android 13)","appium:newCommandTimeout":1800,"platform":"ANDROID","platformName":"android","appium:platformVersion":"13","appium:systemPort":8231,"appium:udid":"3458168266003R1"}]}]
[debug] [35m[BaseDriver][39m Event 'newSessionRequested' logged at 1700460344584 (14:05:44 GMT+0800 (台北標準時間))
[35m[BaseDriver][39m The following capabilities are not standard capabilities and should have an extension prefix:
[35m[BaseDriver][39m   platform
[35m[BaseDriver][39m   chromedriverPort
[35m[Appium][39m Appium v1.22.3 creating new AndroidUiautomator2Driver (v1.70.1) session
[debug] [35m[BaseDriver][39m W3C capabilities and MJSONWP desired capabilities were provided
[debug] [35m[BaseDriver][39m Creating session with W3C capabilities: {
[debug] [35m[BaseDriver][39m   "alwaysMatch": {
[debug] [35m[BaseDriver][39m     "appium:platform": "ANDROID",
[debug] [35m[BaseDriver][39m     "platformName": "android",
[debug] [35m[BaseDriver][39m     "appium:chromedriverPort": 57184,
[debug] [35m[BaseDriver][39m     "appium:appActivity": ".Settings",
[debug] [35m[BaseDriver][39m     "appium:appPackage": "com.android.settings",
[debug] [35m[BaseDriver][39m     "appium:autoGrantPermissions": true,
[debug] [35m[BaseDriver][39m     "appium:automationName": "uiautomator2",
[debug] [35m[BaseDriver][39m     "appium:deviceName": "vivo V2110 (Android 13)",
[debug] [35m[BaseDriver][39m     "appium:newCommandTimeout": 1800,
[debug] [35m[BaseDriver][39m     "appium:platformVersion": "13",
[debug] [35m[BaseDriver][39m     "appium:systemPort": 8231,
[debug] [35m[BaseDriver][39m     "appium:udid": "3458168266003R1"
[debug] [35m[BaseDriver][39m   },
[debug] [35m[BaseDriver][39m   "firstMatch": [
[debug] [35m[BaseDriver][39m     {}
[debug] [35m[BaseDriver][39m   ]
[debug] [35m[BaseDriver][39m }
[35m[BaseDriver][39m The following capabilities were provided, but are not recognized by Appium:
[35m[BaseDriver][39m   platform
[35m[BaseDriver][39m Session created with session id: ca95224c-b119-4436-8ede-36b6b207f992
[35m[UiAutomator2][39m Starting 'com.android.settings' directly on the device
[35m[ADB][39m Found 1 'build-tools' folders under 'C:\Users\user\.katalon\tools\android_sdk' (newest first):
[35m[ADB][39m     C:/Users/user/.katalon/tools/android_sdk/build-tools/29.0.3
[35m[ADB][39m Using 'adb.exe' from 'C:\Users\user\.katalon\tools\android_sdk\platform-tools\adb.exe'
[debug] [35m[ADB][39m Running 'C:\Users\user\.katalon\tools\android_sdk\platform-tools\adb.exe -P 5037 start-server'
[35m[AndroidDriver][39m Retrieving device list
[debug] [35m[ADB][39m Trying to find a connected android device
[debug] [35m[ADB][39m Getting connected devices
[debug] [35m[ADB][39m Connected devices: [{"udid":"3458168266003R1","state":"device"}]
[35m[AndroidDriver][39m Using device: 3458168266003R1
[35m[ADB][39m Using 'adb.exe' from 'C:\Users\user\.katalon\tools\android_sdk\platform-tools\adb.exe'
[debug] [35m[ADB][39m Running 'C:\Users\user\.katalon\tools\android_sdk\platform-tools\adb.exe -P 5037 start-server'
[debug] [35m[ADB][39m Setting device id to 3458168266003R1
[debug] [35m[ADB][39m Running 'C:\Users\user\.katalon\tools\android_sdk\platform-tools\adb.exe -P 5037 -s 3458168266003R1 shell getprop ro.build.version.sdk'
[debug] [35m[ADB][39m Current device property 'ro.build.version.sdk': 33
[35m[ADB][39m Getting device platform version
[debug] [35m[ADB][39m Running 'C:\Users\user\.katalon\tools\android_sdk\platform-tools\adb.exe -P 5037 -s 3458168266003R1 shell getprop ro.build.version.release'
[debug] [35m[ADB][39m Current device property 'ro.build.version.release': 13
[debug] [35m[ADB][39m Device API level: 33
[35m[UiAutomator2][39m Relaxing hidden api policy
[debug] [35m[ADB][39m Running 'C:\Users\user\.katalon\tools\android_sdk\platform-tools\adb.exe -P 5037 -s 3458168266003R1 shell 'settings put global hidden_api_policy_pre_p_apps 1;settings put global hidden_api_policy_p_apps 1;settings put global hidden_api_policy 1''
[35m[AndroidDriver][39m No app sent in, not parsing package/activity
[debug] [35m[ADB][39m Running 'C:\Users\user\.katalon\tools\android_sdk\platform-tools\adb.exe -P 5037 -s 3458168266003R1 wait-for-device'
[debug] [35m[ADB][39m Running 'C:\Users\user\.katalon\tools\android_sdk\platform-tools\adb.exe -P 5037 -s 3458168266003R1 shell echo ping'
[debug] [35m[AndroidDriver][39m Pushing settings apk to device...
[debug] [35m[ADB][39m Getting install status for io.appium.settings
[debug] [35m[ADB][39m Running 'C:\Users\user\.katalon\tools\android_sdk\platform-tools\adb.exe -P 5037 -s 3458168266003R1 shell dumpsys package io.appium.settings'
[debug] [35m[ADB][39m 'io.appium.settings' is installed
[debug] [35m[ADB][39m Getting package info for 'io.appium.settings'
[debug] [35m[ADB][39m Running 'C:\Users\user\.katalon\tools\android_sdk\platform-tools\adb.exe -P 5037 -s 3458168266003R1 shell dumpsys package io.appium.settings'
[debug] [35m[ADB][39m The version name of the installed 'io.appium.settings' is greater or equal to the application version name ('3.4.0' >= '3.4.0')
[debug] [35m[ADB][39m There is no need to install/upgrade 'C:\Users\user\AppData\Roaming\npm\node_modules\appium\node_modules\io.appium.settings\apks\settings_apk-debug.apk'
[debug] [35m[ADB][39m Getting IDs of all 'io.appium.settings' processes
[debug] [35m[ADB][39m Running 'C:\Users\user\.katalon\tools\android_sdk\platform-tools\adb.exe -P 5037 -s 3458168266003R1 shell 'pgrep --help; echo $?''
[debug] [35m[ADB][39m Running 'C:\Users\user\.katalon\tools\android_sdk\platform-tools\adb.exe -P 5037 -s 3458168266003R1 shell pgrep -f \(\[\[:blank:\]\]\|\^\)io\.appium\.settings\(\[\[:blank:\]\]\|\$\)'
[debug] [35m[AndroidDriver][39m io.appium.settings is already running. There is no need to reset its permissions.
[debug] [35m[ADB][39m Running 'C:\Users\user\.katalon\tools\android_sdk\platform-tools\adb.exe -P 5037 -s 3458168266003R1 shell appops set io.appium.settings android:mock_location allow'
[debug] [35m[Logcat][39m Starting logs capture with command: C:\\Users\\user\\.katalon\\tools\\android_sdk\\platform-tools\\adb.exe -P 5037 -s 3458168266003R1 logcat -v threadtime
[debug] [35m[UiAutomator2][39m Forwarding UiAutomator2 Server port 6790 to local port 8231
[debug] [35m[ADB][39m Forwarding system: 8231 to device: 6790
[debug] [35m[ADB][39m Running 'C:\Users\user\.katalon\tools\android_sdk\platform-tools\adb.exe -P 5037 -s 3458168266003R1 forward tcp:8231 tcp:6790'
[debug] [35m[ADB][39m Getting install status for io.appium.uiautomator2.server
[debug] [35m[ADB][39m Running 'C:\Users\user\.katalon\tools\android_sdk\platform-tools\adb.exe -P 5037 -s 3458168266003R1 shell dumpsys package io.appium.uiautomator2.server'
[debug] [35m[ADB][39m 'io.appium.uiautomator2.server' is installed
[debug] [35m[ADB][39m Getting package info for 'io.appium.uiautomator2.server'
[debug] [35m[ADB][39m Running 'C:\Users\user\.katalon\tools\android_sdk\platform-tools\adb.exe -P 5037 -s 3458168266003R1 shell dumpsys package io.appium.uiautomator2.server'
[debug] [35m[ADB][39m The version name of the installed 'io.appium.uiautomator2.server' is greater or equal to the application version name ('4.27.0' >= '4.27.0')
[debug] [35m[UiAutomator2][39m io.appium.uiautomator2.server installation state: sameVersionInstalled
[debug] [35m[ADB][39m Checking app cert for C:\Users\user\AppData\Roaming\npm\node_modules\appium\node_modules\appium-uiautomator2-server\apks\appium-uiautomator2-server-v4.27.0.apk
[35m[ADB][39m Using 'apksigner.jar' from 'C:\Users\user\.katalon\tools\android_sdk\build-tools\29.0.3\lib\apksigner.jar'
[debug] [35m[ADB][39m Starting apksigner: C:\\Users\\user\\.katalon\\packages\\Katalon_Studio_Windows_64-9.0.0\\Katalon_Studio_Windows_64-9.0.0\\jre\\bin\\java.exe -Xmx1024M -Xss1m -jar C:\\Users\\user\\.katalon\\tools\\android_sdk\\build-tools\\29.0.3\\lib\\apksigner.jar verify --print-certs C:\\Users\\user\\AppData\\Roaming\\npm\\node_modules\\appium\\node_modules\\appium-uiautomator2-server\\apks\\appium-uiautomator2-server-v4.27.0.apk
[debug] [35m[ADB][39m apksigner stdout: Signer #1 certificate DN: EMAILADDRESS=android@android.com, CN=Android, OU=Android, O=Android, L=Mountain View, ST=California, C=US
[debug] [35m[ADB][39m Signer #1 certificate SHA-256 digest: a40da80a59d170caa950cf15c18c454d47a39b26989d8b640ecd745ba71bf5dc
[debug] [35m[ADB][39m Signer #1 certificate SHA-1 digest: 61ed377e85d386a8dfee6b864bd85b0bfaa5af81
[debug] [35m[ADB][39m Signer #1 certificate MD5 digest: e89b158e4bcf988ebd09eb83f5378e87
[debug] [35m[ADB][39m 
[debug] [35m[ADB][39m sha256 hash did match for 'appium-uiautomator2-server-v4.27.0.apk'
[35m[ADB][39m 'C:\Users\user\AppData\Roaming\npm\node_modules\appium\node_modules\appium-uiautomator2-server\apks\appium-uiautomator2-server-v4.27.0.apk' is signed with the default certificate
[debug] [35m[ADB][39m Getting install status for io.appium.uiautomator2.server.test
[debug] [35m[ADB][39m Running 'C:\Users\user\.katalon\tools\android_sdk\platform-tools\adb.exe -P 5037 -s 3458168266003R1 shell dumpsys package io.appium.uiautomator2.server.test'
[debug] [35m[ADB][39m 'io.appium.uiautomator2.server.test' is installed
[debug] [35m[ADB][39m Checking app cert for C:\Users\user\AppData\Roaming\npm\node_modules\appium\node_modules\appium-uiautomator2-server\apks\appium-uiautomator2-server-debug-androidTest.apk
[debug] [35m[ADB][39m Starting apksigner: C:\\Users\\user\\.katalon\\packages\\Katalon_Studio_Windows_64-9.0.0\\Katalon_Studio_Windows_64-9.0.0\\jre\\bin\\java.exe -Xmx1024M -Xss1m -jar C:\\Users\\user\\.katalon\\tools\\android_sdk\\build-tools\\29.0.3\\lib\\apksigner.jar verify --print-certs C:\\Users\\user\\AppData\\Roaming\\npm\\node_modules\\appium\\node_modules\\appium-uiautomator2-server\\apks\\appium-uiautomator2-server-debug-androidTest.apk
[debug] [35m[ADB][39m apksigner stdout: Signer #1 certificate DN: EMAILADDRESS=android@android.com, CN=Android, OU=Android, O=Android, L=Mountain View, ST=California, C=US
[debug] [35m[ADB][39m Signer #1 certificate SHA-256 digest: a40da80a59d170caa950cf15c18c454d47a39b26989d8b640ecd745ba71bf5dc
[debug] [35m[ADB][39m Signer #1 certificate SHA-1 digest: 61ed377e85d386a8dfee6b864bd85b0bfaa5af81
[debug] [35m[ADB][39m Signer #1 certificate MD5 digest: e89b158e4bcf988ebd09eb83f5378e87
[debug] [35m[ADB][39m 
[debug] [35m[ADB][39m sha256 hash did match for 'appium-uiautomator2-server-debug-androidTest.apk'
[35m[ADB][39m 'C:\Users\user\AppData\Roaming\npm\node_modules\appium\node_modules\appium-uiautomator2-server\apks\appium-uiautomator2-server-debug-androidTest.apk' is signed with the default certificate
[35m[UiAutomator2][39m Server packages are not going to be (re)installed
[debug] [35m[UiAutomator2][39m Waiting up to 30000ms for services to be available
[debug] [35m[ADB][39m Running 'C:\Users\user\.katalon\tools\android_sdk\platform-tools\adb.exe -P 5037 -s 3458168266003R1 shell pm list instrumentation'
[debug] [35m[UiAutomator2][39m Instrumentation target 'io.appium.uiautomator2.server.test/androidx.test.runner.AndroidJUnitRunner' is available
[35m[ADB][39m Adding packages ["io.appium.settings","io.appium.uiautomator2.server","io.appium.uiautomator2.server.test"] to Doze whitelist
[debug] [35m[ADB][39m Got the following command chunks to execute: [["dumpsys","deviceidle","whitelist","+io.appium.settings",";","dumpsys","deviceidle","whitelist","+io.appium.uiautomator2.server",";","dumpsys","deviceidle","whitelist","+io.appium.uiautomator2.server.test",";"]]
[debug] [35m[ADB][39m Running 'C:\Users\user\.katalon\tools\android_sdk\platform-tools\adb.exe -P 5037 -s 3458168266003R1 shell dumpsys deviceidle whitelist +io.appium.settings ; dumpsys deviceidle whitelist +io.appium.uiautomator2.server ; dumpsys deviceidle whitelist +io.appium.uiautomator2.server.test ;'
[debug] [35m[UiAutomator2][39m No app capability. Assuming it is already on the device
[debug] [35m[ADB][39m Getting install status for com.android.settings
[debug] [35m[ADB][39m Running 'C:\Users\user\.katalon\tools\android_sdk\platform-tools\adb.exe -P 5037 -s 3458168266003R1 shell dumpsys package com.android.settings'
[debug] [35m[ADB][39m 'com.android.settings' is installed
[debug] [35m[ADB][39m Running 'C:\Users\user\.katalon\tools\android_sdk\platform-tools\adb.exe -P 5037 -s 3458168266003R1 shell am force-stop com.android.settings'
[debug] [35m[ADB][39m Running 'C:\Users\user\.katalon\tools\android_sdk\platform-tools\adb.exe -P 5037 -s 3458168266003R1 shell pm clear com.android.settings'
[debug] [35m[ADB][39m Running 'C:\Users\user\.katalon\tools\android_sdk\platform-tools\adb.exe -P 5037 -s 3458168266003R1 shell dumpsys package com.android.settings'
[debug] [35m[ADB][39m Retrieving requested permissions
[debug] [35m[ADB][39m Retrieved 322 permissions from requested group
[debug] [35m[ADB][39m Retrieving granted permissions
[debug] [35m[ADB][39m Retrieved 270 permissions from install,runtime groups
[debug] [35m[ADB][39m Granting permissions ["android.launcher.permission.READ_SETTINGS","android.launcher.permission.WRITE_SETTINGS"] to 'com.android.settings'
[debug] [35m[ADB][39m Got the following command chunks to execute: [["pm","grant","com.android.settings","android.launcher.permission.READ_SETTINGS",";","pm","grant","com.android.settings","android.launcher.permission.WRITE_SETTINGS",";"]]
[debug] [35m[ADB][39m Running 'C:\Users\user\.katalon\tools\android_sdk\platform-tools\adb.exe -P 5037 -s 3458168266003R1 shell pm grant com.android.settings android.launcher.permission.READ_SETTINGS ; pm grant com.android.settings android.launcher.permission.WRITE_SETTINGS ;'
[debug] [35m[AndroidDriver][39m Performed fast reset on the installed 'com.android.settings' application (stop and clear)
[debug] [35m[UiAutomator2][39m Performing shallow cleanup of automation leftovers
[debug] [35m[UiAutomator2][39m No obsolete sessions have been detected (socket hang up)
[debug] [35m[ADB][39m Running 'C:\Users\user\.katalon\tools\android_sdk\platform-tools\adb.exe -P 5037 -s 3458168266003R1 shell am force-stop io.appium.uiautomator2.server.test'
[35m[UiAutomator2][39m Starting UIAutomator2 server 4.27.0
[35m[UiAutomator2][39m Using UIAutomator2 server from 'C:\Users\user\AppData\Roaming\npm\node_modules\appium\node_modules\appium-uiautomator2-server\apks\appium-uiautomator2-server-v4.27.0.apk' and test from 'C:\Users\user\AppData\Roaming\npm\node_modules\appium\node_modules\appium-uiautomator2-server\apks\appium-uiautomator2-server-debug-androidTest.apk'
[35m[UiAutomator2][39m Waiting up to 30000ms for UiAutomator2 to be online...
[debug] [35m[ADB][39m Creating ADB subprocess with args: ["-P",5037,"-s","3458168266003R1","shell","am","instrument","-w","-e","disableAnalytics",true,"io.appium.uiautomator2.server.test/androidx.test.runner.AndroidJUnitRunner"]
[debug] [35m[WD Proxy][39m Matched '/status' to command name 'getStatus'
[debug] [35m[WD Proxy][39m Proxying [GET /status] to [GET http://127.0.0.1:8231/wd/hub/status] with no body
[35m[WD Proxy][39m socket hang up
[debug] [35m[WD Proxy][39m Matched '/status' to command name 'getStatus'
[debug] [35m[WD Proxy][39m Proxying [GET /status] to [GET http://127.0.0.1:8231/wd/hub/status] with no body
[35m[WD Proxy][39m socket hang up
[debug] [35m[Instrumentation][39m io.appium.uiautomator2.server.test.AppiumUiAutomator2Server:
[debug] [35m[WD Proxy][39m Matched '/status' to command name 'getStatus'
[debug] [35m[WD Proxy][39m Proxying [GET /status] to [GET http://127.0.0.1:8231/wd/hub/status] with no body
[35m[WD Proxy][39m socket hang up
[debug] [35m[WD Proxy][39m Matched '/status' to command name 'getStatus'
[debug] [35m[WD Proxy][39m Proxying [GET /status] to [GET http://127.0.0.1:8231/wd/hub/status] with no body
[debug] [35m[WD Proxy][39m Got response with status 200: {"sessionId":"None","value":{"message":"UiAutomator2 Server is ready to accept commands","ready":true}}
[debug] [35m[UiAutomator2][39m The initialization of the instrumentation process took 3188ms
[debug] [35m[WD Proxy][39m Matched '/session' to command name 'createSession'
[debug] [35m[WD Proxy][39m Proxying [POST /session] to [POST http://127.0.0.1:8231/wd/hub/session] with body: {"capabilities":{"firstMatch":[{"platform":"ANDROID","webStorageEnabled":false,"takesScreenshot":true,"javascriptEnabled":true,"databaseEnabled":false,"networkConnectionEnabled":true,"locationContextEnabled":false,"warnings":{},"desired":{"platformName":"android","platform":"ANDROID","chromedriverPort":57184,"appActivity":".Settings","appPackage":"com.android.settings","autoGrantPermissions":true,"automationName":"uiautomator2","deviceName":"vivo V2110 (Android 13)","newCommandTimeout":1800,"platformVersion":"13","systemPort":8231,"udid":"3458168266003R1"},"platformName":"android","chromedriverPort":57184,"appActivity":".Settings","appPackage":"com.android.settings","autoGrantPermissions":true,"automationName":"uiautomator2","deviceName":"3458168266003R1","newCommandTimeout":1800,"platformVersion":"13","systemPort":8231,"udid":"3458168266003R1","deviceUDID":"3458168266003R1"}],"alwaysMatch":{}}}
[debug] [35m[WD Proxy][39m Got response with status 200: {"sessionId":"bf6f8549-5230-4941-bbe9-97704d644780","value":{"capabilities":{"firstMatch":[{"platform":"ANDROID","webStorageEnabled":false,"takesScreenshot":true,"javascriptEnabled":true,"databaseEnabled":false,"networkConnectionEnabled":true,"locationContextEnabled":false,"warnings":{},"desired":{"platformName":"android","platform":"ANDROID","chromedriverPort":57184,"appActivity":".Settings","appPackage":"com.android.settings","autoGrantPermissions":true,"automationName":"uiautomator2","deviceName":"vivo V2110 (Android 13)","newCommandTimeout":1800,"platformVersion":"13","systemPort":8231,"udid":"3458168266003R1"},"platformName":"android","chromedriverPort":57184,"appActivity":".Settings","appPackage":"com.android.settings","autoGrantPermissions":true,"automationName":"uiautomator2","deviceName":"3458168266003R1","newCommandTimeout":1800,"platformVersion":"13","systemPort":8231,"udid":"3458168266003R1","deviceUDID":"3458168266003R1"}],"alwaysMatch":{}},"sessionId":"bf6f8549-5230-4941-bbe9-97704d644780"}}
[35m[WD Proxy][39m Determined the downstream protocol as 'W3C'
[debug] [35m[WD Proxy][39m Proxying [GET /appium/device/info] to [GET http://127.0.0.1:8231/wd/hub/session/bf6f8549-5230-4941-bbe9-97704d644780/appium/device/info] with no body
[debug] [35m[WD Proxy][39m Got response with status 200: {"sessionId":"bf6f8549-5230-4941-bbe9-97704d644780","value":{"androidId":"45adc0b123179de9","apiVersion":"33","bluetooth":{"state":"OFF"},"brand":"vivo","carrierName":"台灣之星","displayDensity":300,"locale":"zh_TW_#Hant","manufacturer":"vivo","model":"V2110","networks":[{"capabilities":{"SSID":null,"linkDownBandwidthKbps":60000,"linkUpstreamBandwidthKbps":12000,"networkCapabilities":"NET_CAPABILITY_NOT_METERED,NET_CAPABILITY_INTERNET,NET_CAPABILITY_NOT_RESTRICTED,NET_CAPABILITY_TRUSTED,NET_CAPABILITY_NOT_VPN,NET_CAPABILITY_VALIDATED,NET_CAPABILITY_NOT_ROAMING,NET_CAPABILITY_FOREGROUND,NET_CAPABILITY_NOT_CONGESTED,NET_CAPABILITY_NOT_SUSPENDED","signalStrength":-43,"transportTypes":"TRANSPORT_WIFI"},"detailedState":"CONNECTED","extraInfo":null,"isAvailable":true,"isConnected":true,"isFailover":false,"isRoaming":false,"state":"CONNECTED","subtype":0,"subtypeName":"","type":1,"typeName":"WIFI"}],"platformVersion":"13","realDisplaySize":"720x1600","timeZone":"Asia/Taipei"}}
[debug] [35m[ADB][39m Running 'C:\Users\user\.katalon\tools\android_sdk\platform-tools\adb.exe -P 5037 -s 3458168266003R1 shell dumpsys window'
[35m[AndroidDriver][39m Screen already unlocked, doing nothing
[35m[UiAutomator2][39m Starting 'com.android.settings/.Settings and waiting for 'com.android.settings/.Settings'
[debug] [35m[ADB][39m Running 'C:\Users\user\.katalon\tools\android_sdk\platform-tools\adb.exe -P 5037 -s 3458168266003R1 shell am start -W -n com.android.settings/.Settings -S -a android.intent.action.MAIN -c android.intent.category.LAUNCHER -f 0x10200000'
[debug] [35m[WD Proxy][39m Proxying [GET /appium/device/pixel_ratio] to [GET http://127.0.0.1:8231/wd/hub/session/bf6f8549-5230-4941-bbe9-97704d644780/appium/device/pixel_ratio] with no body
[debug] [35m[WD Proxy][39m Got response with status 200: {"sessionId":"bf6f8549-5230-4941-bbe9-97704d644780","value":1.875}
[debug] [35m[WD Proxy][39m Matched '/appium/device/system_bars' to command name 'getSystemBars'
[debug] [35m[WD Proxy][39m Proxying [GET /appium/device/system_bars] to [GET http://127.0.0.1:8231/wd/hub/session/bf6f8549-5230-4941-bbe9-97704d644780/appium/device/system_bars] with no body
[debug] [35m[WD Proxy][39m Got response with status 200: {"sessionId":"bf6f8549-5230-4941-bbe9-97704d644780","value":{"statusBar":60}}
[debug] [35m[WD Proxy][39m Matched '/window/current/size' to command name 'getWindowSize'
[debug] [35m[WD Proxy][39m Proxying [GET /window/current/size] to [GET http://127.0.0.1:8231/wd/hub/session/bf6f8549-5230-4941-bbe9-97704d644780/window/current/size] with no body
[debug] [35m[WD Proxy][39m Got response with status 200: {"sessionId":"bf6f8549-5230-4941-bbe9-97704d644780","value":{"height":1475,"width":720}}
[35m[Appium][39m New AndroidUiautomator2Driver session created successfully, session ca95224c-b119-4436-8ede-36b6b207f992 added to master session list
[debug] [35m[BaseDriver][39m Event 'newSessionStarted' logged at 1700460353460 (14:05:53 GMT+0800 (台北標準時間))
[debug] [35m[W3C (ca95224c)][39m Cached the protocol value 'W3C' for the new session ca95224c-b119-4436-8ede-36b6b207f992
[debug] [35m[W3C (ca95224c)][39m Responding to client with driver.createSession() result: {"capabilities":{"platform":"ANDROID","webStorageEnabled":false,"takesScreenshot":true,"javascriptEnabled":true,"databaseEnabled":false,"networkConnectionEnabled":true,"locationContextEnabled":false,"warnings":{},"desired":{"platformName":"android","platform":"ANDROID","chromedriverPort":57184,"appActivity":".Settings","appPackage":"com.android.settings","autoGrantPermissions":true,"automationName":"uiautomator2","deviceName":"vivo V2110 (Android 13)","newCommandTimeout":1800,"platformVersion":"13","systemPort":8231,"udid":"3458168266003R1"},"platformName":"android","chromedriverPort":57184,"appActivity":".Settings","appPackage":"com.android.settings","autoGrantPermissions":true,"automationName":"uiautomator2","deviceName":"3458168266003R1","newCommandTimeout":1800,"platformVersion":"13","systemPort":8231,"udid":"3458168266003R1","deviceUDID":"3458168266003R1","deviceApiLevel":33,"deviceScreenSize":"720x1600","deviceScreenDensity":300,"deviceModel":"V2110","deviceManufacturer":"vivo","pixelRatio":1.875,"st...
[35m[HTTP][39m [37m<-- POST /wd/hub/session [39m[32m200[39m [90m8878 ms - 1160[39m
[35m[HTTP][39m [90m[39m
[35m[HTTP][39m [37m-->[39m [37mGET[39m [37m/wd/hub/session/ca95224c-b119-4436-8ede-36b6b207f992[39m
[35m[HTTP][39m [90m{}[39m
[debug] [35m[W3C (ca95224c)][39m Calling AppiumDriver.getSession() with args: ["ca95224c-b119-4436-8ede-36b6b207f992"]
[debug] [35m[UiAutomator2][39m Getting session details from server to mix in
[debug] [35m[WD Proxy][39m Matched '/' to command name 'getSession'
[debug] [35m[WD Proxy][39m Proxying [GET /] to [GET http://127.0.0.1:8231/wd/hub/session/bf6f8549-5230-4941-bbe9-97704d644780] with no body
[debug] [35m[WD Proxy][39m Got response with status 200: {"sessionId":"bf6f8549-5230-4941-bbe9-97704d644780","value":{"lastScrollData":null}}
[debug] [35m[W3C (ca95224c)][39m Responding to client with driver.getSession() result: {"platform":"ANDROID","webStorageEnabled":false,"takesScreenshot":true,"javascriptEnabled":true,"databaseEnabled":false,"networkConnectionEnabled":true,"locationContextEnabled":false,"warnings":{},"desired":{"platformName":"android","platform":"ANDROID","chromedriverPort":57184,"appActivity":".Settings","appPackage":"com.android.settings","autoGrantPermissions":true,"automationName":"uiautomator2","deviceName":"vivo V2110 (Android 13)","newCommandTimeout":1800,"platformVersion":"13","systemPort":8231,"udid":"3458168266003R1"},"platformName":"android","chromedriverPort":57184,"appActivity":".Settings","appPackage":"com.android.settings","autoGrantPermissions":true,"automationName":"uiautomator2","deviceName":"3458168266003R1","newCommandTimeout":1800,"platformVersion":"13","systemPort":8231,"udid":"3458168266003R1","deviceUDID":"3458168266003R1","deviceApiLevel":33,"deviceScreenSize":"720x1600","deviceScreenDensity":300,"deviceModel":"V2110","deviceManufacturer":"vivo","pixelRatio":1.875,"statBarHeight":60,...
[35m[HTTP][39m [37m<-- GET /wd/hub/session/ca95224c-b119-4436-8ede-36b6b207f992 [39m[32m200[39m [90m34 ms - 1114[39m
[35m[HTTP][39m [90m[39m
[35m[HTTP][39m [37m-->[39m [37mGET[39m [37m/wd/hub/session/ca95224c-b119-4436-8ede-36b6b207f992[39m
[35m[HTTP][39m [90m{}[39m
[debug] [35m[W3C (ca95224c)][39m Calling AppiumDriver.getSession() with args: ["ca95224c-b119-4436-8ede-36b6b207f992"]
[debug] [35m[UiAutomator2][39m Getting session details from server to mix in
[debug] [35m[WD Proxy][39m Matched '/' to command name 'getSession'
[debug] [35m[WD Proxy][39m Proxying [GET /] to [GET http://127.0.0.1:8231/wd/hub/session/bf6f8549-5230-4941-bbe9-97704d644780] with no body
[debug] [35m[WD Proxy][39m Got response with status 200: {"sessionId":"bf6f8549-5230-4941-bbe9-97704d644780","value":{"lastScrollData":null}}
[debug] [35m[W3C (ca95224c)][39m Responding to client with driver.getSession() result: {"platform":"ANDROID","webStorageEnabled":false,"takesScreenshot":true,"javascriptEnabled":true,"databaseEnabled":false,"networkConnectionEnabled":true,"locationContextEnabled":false,"warnings":{},"desired":{"platformName":"android","platform":"ANDROID","chromedriverPort":57184,"appActivity":".Settings","appPackage":"com.android.settings","autoGrantPermissions":true,"automationName":"uiautomator2","deviceName":"vivo V2110 (Android 13)","newCommandTimeout":1800,"platformVersion":"13","systemPort":8231,"udid":"3458168266003R1"},"platformName":"android","chromedriverPort":57184,"appActivity":".Settings","appPackage":"com.android.settings","autoGrantPermissions":true,"automationName":"uiautomator2","deviceName":"3458168266003R1","newCommandTimeout":1800,"platformVersion":"13","systemPort":8231,"udid":"3458168266003R1","deviceUDID":"3458168266003R1","deviceApiLevel":33,"deviceScreenSize":"720x1600","deviceScreenDensity":300,"deviceModel":"V2110","deviceManufacturer":"vivo","pixelRatio":1.875,"statBarHeight":60,...
[35m[HTTP][39m [37m<-- GET /wd/hub/session/ca95224c-b119-4436-8ede-36b6b207f992 [39m[32m200[39m [90m43 ms - 1114[39m
[35m[HTTP][39m [90m[39m
[35m[HTTP][39m [37m-->[39m [37mGET[39m [37m/wd/hub/status[39m
[35m[HTTP][39m [90m{}[39m
[debug] [35m[GENERIC][39m Calling AppiumDriver.getStatus() with args: []
[debug] [35m[GENERIC][39m Responding to client with driver.getStatus() result: {"build":{"version":"1.22.3"}}
[35m[HTTP][39m [37m<-- GET /wd/hub/status [39m[32m200[39m [90m1 ms - 68[39m
[35m[HTTP][39m [90m[39m
[35m[HTTP][39m [37m-->[39m [37mPOST[39m [37m/wd/hub/session/ca95224c-b119-4436-8ede-36b6b207f992/timeouts[39m
[35m[HTTP][39m [90m{"implicit":60000}[39m
[debug] [35m[W3C (ca95224c)][39m Calling AppiumDriver.timeouts() with args: [null,null,null,null,60000,"ca95224c-b119-4436-8ede-36b6b207f992"]
[debug] [35m[BaseDriver][39m W3C timeout argument: {"implicit":60000}}
[debug] [35m[BaseDriver][39m Set implicit wait to 60000ms
[debug] [35m[W3C (ca95224c)][39m Responding to client with driver.timeouts() result: null
[35m[HTTP][39m [37m<-- POST /wd/hub/session/ca95224c-b119-4436-8ede-36b6b207f992/timeouts [39m[32m200[39m [90m2 ms - 14[39m
[35m[HTTP][39m [90m[39m
[35m[HTTP][39m [37m-->[39m [37mGET[39m [37m/wd/hub/session/ca95224c-b119-4436-8ede-36b6b207f992/screenshot[39m
[35m[HTTP][39m [90m{}[39m
[debug] [35m[W3C (ca95224c)][39m Calling AppiumDriver.getScreenshot() with args: ["ca95224c-b119-4436-8ede-36b6b207f992"]
[debug] [35m[WD Proxy][39m Matched '/screenshot' to command name 'getScreenshot'
[debug] [35m[WD Proxy][39m Proxying [GET /screenshot] to [GET http://127.0.0.1:8231/wd/hub/session/bf6f8549-5230-4941-bbe9-97704d644780/screenshot] with no body
[debug] [35m[WD Proxy][39m Got response with status 200: {"sessionId":"bf6f8549-5230-4941-bbe9-97704d644780","value":"iVBORw0KGgoAAAANSUhEUgAAAtAAAAZACAYAAABQfnXMAAAAAXNSR0IArs4c6QAAAARzQklUCAgI\nCHwIZIgAACAASURBVHic7N15dJTV4cbxZybJJBOSkIU1YVOSEAhBEAjgxqqCSwXUWkXRVm21FbXt\nr3XfquLeKqK2VaxitVVbwA0oCoILOyJhCxAgCUkI2cmETJbJzO+PmJEwkzBvVki+n3N6Drn3fe+9\nE/X0mctdTKUlZS4BAAAA8Im5vQcAAAAAnE4I0AAAAIABBGgAAADAAAI0AAAAYAABGgAAADCAAA0A\nAAAYQIAGAAAADCBAAwAAAAYQoAEAAAADCNAAAACAAQRoAAAAwAACNAAAAGAAARoAAAAwgAANAAAA\nGECABgAAAAwgQAMAAAAGEKABAAAAA/zbewAAAADNUVRUpJTtKRqWNEyRkZHtPZxOYdnypVq+fLlH\n+dSpUzVt6iXtMKK2xQx0B1RRUaE9e/Zox84dqqyslNPpVElJiXbu2qnDuYfbe3gAAPjEbi/Xs889\now0bNjT63Mvz52nx4kV69rln2mhk6OyYge6ACgry9dbb/5DVatXll12uXr17a/Pmzfrq6zUaftZw\nzbru+vYeIgAAJ7V6zWplZ2frvX+9K0kaM2aM1+eKiookSXa7vdXGUlRUpLS0fUrbn6bCwkKlpaV5\nPBMbG6uoqCjFDoxVbGzcKTcbftfdd7r//NKL8wy/v2z5UvefvX3+uvK65+Ji4xUbG2u4n9MBAboD\nqKqqUn5Bvkwmk0JDQlVUXKzy8nJVVNj18ScfKyamj1L37FZ1VbVycnJ09OhRuVwulZXZFBRkVbdu\n3dr7IwAA4GHa1EtUVFSkjRs3eg3Ry5Yv1caNG+u989ifHtX48RM0JjlZVmtws8eQsj1Fa9asbjAw\nHi8tLU1paWnuGfPY2FhNmDBR...
[debug] [35m[W3C (ca95224c)][39m Responding to client with driver.getScreenshot() result: "iVBORw0KGgoAAAANSUhEUgAAAtAAAAZACAYAAABQfnXMAAAAAXNSR0IArs4c6QAAAARzQklUCAgI\nCHwIZIgAACAASURBVHic7N15dJTV4cbxZybJJBOSkIU1YVOSEAhBEAjgxqqCSwXUWkXRVm21FbXt\nr3XfquLeKqK2VaxitVVbwA0oCoILOyJhCxAgCUkI2cmETJbJzO+PmJEwkzBvVki+n3N6Drn3fe+9\nE/X0mctdTKUlZS4BAAAA8Im5vQcAAAAAnE4I0AAAAIABBGgAAADAAAI0AAAAYAABGgAAADCAAA0A\nAAAYQIAGAAAADCBAAwAAAAYQoAEAAAADCNAAAACAAQRoAAAAwAACNAAAAGAAARoAAAAwgAANAAAA\nGECABgAAAAwgQAMAAAAGEKABAAAAA/zbewAAAADNUVRUpJTtKRqWNEyRkZHtPZxOYdnypVq+fLlH\n+dSpUzVt6iXtMKK2xQx0B1RRUaE9e/Zox84dqqyslNPpVElJiXbu2qnDuYfbe3gAAPjEbi/Xs889\now0bNjT63Mvz52nx4kV69rln2mhk6OyYge6ACgry9dbb/5DVatXll12uXr17a/Pmzfrq6zUaftZw\nzbru+vYeIgAAJ7V6zWplZ2frvX+9K0kaM2aM1+eKiookSXa7vdXGUlRUpLS0fUrbn6bCwkKlpaV5\nPBMbG6uoqCjFDoxVbGzcKTcbftfdd7r//NKL8wy/v2z5UvefvX3+uvK65+Ji4xUbG2u4n9MBAboD\nqKqqUn5Bvkwmk0JDQlVUXKzy8nJVVNj18ScfKyamj1L37FZ1VbVycnJ09OhRuVwulZXZFBRkVbdu\n3dr7IwAA4GHa1EtUVFSkjRs3eg3Ry5Yv1caNG+u989ifHtX48RM0JjlZVmtws8eQsj1Fa9asbjAw\nHi8tLU1paWnuGfPY2FhNmDBRSUOTmj2O9paWluZ1yYa35+p+V8u1vMMu6ejQAdrlcunQoUwdOXJE\nx8rLZQ...
[35m[HTTP][39m [37m<-- GET /wd/hub/session/ca95224c-b119-4436-8ede-36b6b207f992/screenshot [39m[32m200[39m [90m717 ms - 143344[39m
[35m[HTTP][39m [90m[39m
[35m[HTTP][39m [37m-->[39m [37mGET[39m [37m/wd/hub/session/ca95224c-b119-4436-8ede-36b6b207f992/window/rect[39m
[35m[HTTP][39m [90m{}[39m
[debug] [35m[W3C (ca95224c)][39m Calling AppiumDriver.getWindowRect() with args: ["ca95224c-b119-4436-8ede-36b6b207f992"]
[debug] [35m[WD Proxy][39m Matched '/window/current/size' to command name 'getWindowSize'
[debug] [35m[WD Proxy][39m Proxying [GET /window/current/size] to [GET http://127.0.0.1:8231/wd/hub/session/bf6f8549-5230-4941-bbe9-97704d644780/window/current/size] with no body
[debug] [35m[WD Proxy][39m Got response with status 200: {"sessionId":"bf6f8549-5230-4941-bbe9-97704d644780","value":{"height":1475,"width":720}}
[debug] [35m[W3C (ca95224c)][39m Responding to client with driver.getWindowRect() result: {"width":720,"height":1475,"x":0,"y":0}
[35m[HTTP][39m [37m<-- GET /wd/hub/session/ca95224c-b119-4436-8ede-36b6b207f992/window/rect [39m[32m200[39m [90m21 ms - 49[39m
[35m[HTTP][39m [90m[39m
[35m[HTTP][39m [37m-->[39m [37mGET[39m [37m/wd/hub/session/ca95224c-b119-4436-8ede-36b6b207f992/appium/device/system_bars[39m
[35m[HTTP][39m [90m{}[39m
[debug] [35m[W3C (ca95224c)][39m Calling AppiumDriver.getSystemBars() with args: ["ca95224c-b119-4436-8ede-36b6b207f992"]
[debug] [35m[ADB][39m Running 'C:\Users\user\.katalon\tools\android_sdk\platform-tools\adb.exe -P 5037 -s 3458168266003R1 shell dumpsys window windows'
[debug] [35m[W3C (ca95224c)][39m Responding to client with driver.getSystemBars() result: {"statusBar":{"visible":true,"x":0,"y":0,"width":null,"height":1},"navigationBar":{"visible":true,"x":0,"y":0,"width":null,"height":1}}
[35m[HTTP][39m [37m<-- GET /wd/hub/session/ca95224c-b119-4436-8ede-36b6b207f992/appium/device/system_bars [39m[32m200[39m [90m111 ms - 145[39m
[35m[HTTP][39m [90m[39m
[35m[HTTP][39m [37m-->[39m [37mPOST[39m [37m/wd/hub/session/ca95224c-b119-4436-8ede-36b6b207f992/appium/device/activate_app[39m
[35m[HTTP][39m [90m{"bundleId":"com.profit.app"}[39m
[debug] [35m[W3C (ca95224c)][39m Calling AppiumDriver.activateApp() with args: ["com.profit.app",null,null,null,"ca95224c-b119-4436-8ede-36b6b207f992"]
[debug] [35m[AndroidDriver][39m Activating 'com.profit.app' with 'adb shell monkey -p com.profit.app -c android.intent.category.LAUNCHER 1' command
[debug] [35m[ADB][39m Running 'C:\Users\user\.katalon\tools\android_sdk\platform-tools\adb.exe -P 5037 -s 3458168266003R1 shell monkey -p com.profit.app -c android.intent.category.LAUNCHER 1'
[debug] [35m[AndroidDriver][39m Command stdout: bash arg: -p
[debug] [35m[AndroidDriver][39m   bash arg: com.profit.app
[debug] [35m[AndroidDriver][39m   bash arg: -c
[debug] [35m[AndroidDriver][39m   bash arg: android.intent.category.LAUNCHER
[debug] [35m[AndroidDriver][39m   bash arg: 1
[debug] [35m[AndroidDriver][39m     // activityResuming(com.profit.app)
[debug] [35m[AndroidDriver][39m Events injected: 1
[debug] [35m[AndroidDriver][39m ## Network stats: elapsed time=68ms (0ms mobile, 0ms wifi, 68ms not connected)
[debug] [35m[W3C (ca95224c)][39m Responding to client with driver.activateApp() result: null
[35m[HTTP][39m [37m<-- POST /wd/hub/session/ca95224c-b119-4436-8ede-36b6b207f992/appium/device/activate_app [39m[32m200[39m [90m770 ms - 14[39m
[35m[HTTP][39m [90m[39m
[35m[HTTP][39m [37m-->[39m [37mGET[39m [37m/wd/hub/session/ca95224c-b119-4436-8ede-36b6b207f992/source[39m
[35m[HTTP][39m [90m{}[39m
[35m[W3C (ca95224c)][39m Driver proxy active, passing request on via HTTP proxy
[debug] [35m[WD Proxy][39m Matched '/wd/hub/session/ca95224c-b119-4436-8ede-36b6b207f992/source' to command name 'getPageSource'
[debug] [35m[WD Proxy][39m Proxying [GET /wd/hub/session/ca95224c-b119-4436-8ede-36b6b207f992/source] to [GET http://127.0.0.1:8231/wd/hub/session/bf6f8549-5230-4941-bbe9-97704d644780/source] with no body
[debug] [35m[WD Proxy][39m Got response with status 200: {"sessionId":"bf6f8549-5230-4941-bbe9-97704d644780","value":"<?xml version='1.0' encoding='UTF-8' standalone='yes' ?>\r\n<hierarchy index=\"0\" class=\"hierarchy\" rotation=\"0\" width=\"720\" height=\"1475\">\r\n  <android.widget.FrameLayout index=\"0\" package=\"com.profit.app\" class=\"android.widget.FrameLayout\" text=\"\" checkable=\"false\" checked=\"false\" clickable=\"false\" enabled=\"true\" focusable=\"false\" focused=\"false\" long-clickable=\"false\" password=\"false\" scrollable=\"false\" selected=\"false\" bounds=\"[0,0][720,1475]\" displayed=\"true\">\r\n    <android.widget.LinearLayout index=\"0\" package=\"com.profit.app\" class=\"android.widget.LinearLayout\" text=\"\" checkable=\"false\" checked=\"false\" clickable=\"false\" enabled=\"true\" focusable=\"false\" focused=\"false\" long-clickable=\"false\" password=\"false\" scrollable=\"false\" selected=\"false\" bounds=\"[0,0][720,1475]\" displayed=\"true\">\r\n      <android.widget.FrameLayout index=\"0\" package=\"com.profit.app\" class...
[35m[WD Proxy][39m Replacing sessionId bf6f8549-5230-4941-bbe9-97704d644780 with ca95224c-b119-4436-8ede-36b6b207f992
[35m[HTTP][39m [37m<-- GET /wd/hub/session/ca95224c-b119-4436-8ede-36b6b207f992/source [39m[32m200[39m [90m2418 ms - 48197[39m
[35m[HTTP][39m [90m[39m
[35m[HTTP][39m [37m-->[39m [37mGET[39m [37m/wd/hub/session/ca95224c-b119-4436-8ede-36b6b207f992/screenshot[39m
[35m[HTTP][39m [90m{}[39m
[debug] [35m[W3C (ca95224c)][39m Calling AppiumDriver.getScreenshot() with args: ["ca95224c-b119-4436-8ede-36b6b207f992"]
[debug] [35m[WD Proxy][39m Matched '/screenshot' to command name 'getScreenshot'
[debug] [35m[WD Proxy][39m Proxying [GET /screenshot] to [GET http://127.0.0.1:8231/wd/hub/session/bf6f8549-5230-4941-bbe9-97704d644780/screenshot] with no body
[debug] [35m[WD Proxy][39m Got response with status 200: {"sessionId":"bf6f8549-5230-4941-bbe9-97704d644780","value":"iVBORw0KGgoAAAANSUhEUgAAAtAAAAZACAYAAABQfnXMAAAAAXNSR0IArs4c6QAAAARzQklUCAgI\nCHwIZIgAACAASURBVHic7N13fBRl/gfwz5Rt6Y0kkARSaKFLCyBSpAiKNBW9QwTsDfVOz37enZ4F\nPX+evZwNULHSVJAmiAiEovTeIaT3TTZbZub3xySbLCnshjTj533Hy2Rn5nmezSYz33nm+zyPEDPs\ncw1EREREROQVWRCE5m4DEREREdHvhtjcDSAiIiIi+j1hAE1ERERE5AOmcBARERER+YA90ERERERE\nPpAB9kATEREREXlLZgYHEREREZH32ANNREREROQDmfEzEREREZH3ZMbPRERERETeYwoHEREREZEP\nOIiQiIiIiMgH7IEmIiIiIvIBF1IhIiIiIvIBl/ImIiIiIvIBe6CJiIiIiHzAeaCJiIiIiHwgC4yg\niYiI6HcsNsoPo4dEY82mDJzNLG3u5vwh3D+jK+6b0aXa668tOIRXFxxshhY1LaZwtEL+FhmX9m2D\ny1Oi4WeWIIkCoiMsGJkShU4dApu7eURERF4JCjDg27dH4Jqx7evc77P/XIq/39UT3749oolaRn90\nMjiIsNWJjw3Aq4/3h7XEhZc+3I8jp4sx6fJYzJyUiBU/n8Pf/vNbczeRiIjogmZPTUK3pGC8+NAl\ngAB8s+pMjfvFRPkB0APuxoprYqP8MLBXOAb1ikBstAUpvSKq7ZO6OwdnM2zYsjsHW3fntrje8GMr\nJ7q/Trpimc/H31+lxzmlV3iN+6T0Dsf9QlcAwJZduUjdneNzPb8HQtLYpVpzN4IujsUkIT7GH5oG\n5BTYcUlyKN7+x0Aoqob0bBv2Hy3EZf0jYTFJ2He0ELc9lQpREBARakJxiROnzpU091sgIiKq0YsP\nXYKpY+IAAI+8/JtHEH3fjC6Y...
[debug] [35m[W3C (ca95224c)][39m Responding to client with driver.getScreenshot() result: "iVBORw0KGgoAAAANSUhEUgAAAtAAAAZACAYAAABQfnXMAAAAAXNSR0IArs4c6QAAAARzQklUCAgI\nCHwIZIgAACAASURBVHic7N13fBRl/gfwz5Rt6Y0kkARSaKFLCyBSpAiKNBW9QwTsDfVOz37enZ4F\nPX+evZwNULHSVJAmiAiEovTeIaT3TTZbZub3xySbLCnshjTj533Hy2Rn5nmezSYz33nm+zyPEDPs\ncw1EREREROQVWRCE5m4DEREREdHvhtjcDSAiIiIi+j1hAE1ERERE5AOmcBARERER+YA90ERERERE\nPpAB9kATEREREXlLZgYHEREREZH32ANNREREROQDmfEzEREREZH3ZMbPRERERETeYwoHEREREZEP\nOIiQiIiIiMgH7IEmIiIiIvIBF1IhIiIiIvIBl/ImIiIiIvIBe6CJiIiIiHzAeaCJiIiIiHwgC4yg\niYiI6HcsNsoPo4dEY82mDJzNLG3u5vwh3D+jK+6b0aXa668tOIRXFxxshhY1LaZwtEL+FhmX9m2D\ny1Oi4WeWIIkCoiMsGJkShU4dApu7eURERF4JCjDg27dH4Jqx7evc77P/XIq/39UT3749oolaRn90\nMjiIsNWJjw3Aq4/3h7XEhZc+3I8jp4sx6fJYzJyUiBU/n8Pf/vNbczeRiIjogmZPTUK3pGC8+NAl\ngAB8s+pMjfvFRPkB0APuxoprYqP8MLBXOAb1ikBstAUpvSKq7ZO6OwdnM2zYsjsHW3fntrje8GMr\nJ7q/Trpimc/H31+lxzmlV3iN+6T0Dsf9QlcAwJZduUjdneNzPb8HQtLYpVpzN4IujsUkIT7GH5oG\n5BTYcUlyKN7+x0Aoqob0bBv2Hy3EZf0jYTFJ2He0ELc9lQpREBARakJxiROnzpU091sgIiKq0YsP\nXYKpY+IAAI+8/JtHEH3fjC6YOiYOseUBNACczSzFx4uPY9HqMyiyOi+6/jFDojFrSmKNAfOFpO7O\nwUeLjm...
[35m[HTTP][39m [37m<-- GET /wd/hub/session/ca95224c-b119-4436-8ede-36b6b207f992/screenshot [39m[32m200[39m [90m1070 ms - 251046[39m
[35m[HTTP][39m [90m[39m
[35m[HTTP][39m [37m-->[39m [37mPOST[39m [37m/wd/hub/session/ca95224c-b119-4436-8ede-36b6b207f992/elements[39m
[35m[HTTP][39m [90m{"using":"xpath","value":"//*[@class = 'android.widget.TextView' and (@text = '测试支付' or . = '测试支付') and @resource-id = 'com.profit.app:id/tv_payment']"}[39m
[debug] [35m[W3C (ca95224c)][39m Calling AppiumDriver.findElements() with args: ["xpath","//*[@class = 'android.widget.TextView' and (@text = '测试支付' or . = '测试支付') and @resource-id = 'com.profit.app:id/tv_payment']","ca95224c-b119-4436-8ede-36b6b207f992"]
[debug] [35m[BaseDriver][39m Valid locator strategies for this request: xpath, id, class name, accessibility id, css selector, -android uiautomator
[debug] [35m[BaseDriver][39m Waiting up to 60000 ms for condition
[debug] [35m[WD Proxy][39m Matched '/elements' to command name 'findElements'
[debug] [35m[WD Proxy][39m Proxying [POST /elements] to [POST http://127.0.0.1:8231/wd/hub/session/bf6f8549-5230-4941-bbe9-97704d644780/elements] with body: {"strategy":"xpath","selector":"//*[@class = 'android.widget.TextView' and (@text = '测试支付' or . = '测试支付') and @resource-id = 'com.profit.app:id/tv_payment']","context":"","multiple":true}
[debug] [35m[WD Proxy][39m Got response with status 200: {"sessionId":"bf6f8549-5230-4941-bbe9-97704d644780","value":[{"ELEMENT":"00000000-0000-3429-ffff-ffff000001ec","element-6066-11e4-a52e-4f735466cecf":"00000000-0000-3429-ffff-ffff000001ec"}]}
[debug] [35m[W3C (ca95224c)][39m Responding to client with driver.findElements() result: [{"element-6066-11e4-a52e-4f735466cecf":"00000000-0000-3429-ffff-ffff000001ec","ELEMENT":"00000000-0000-3429-ffff-ffff000001ec"}]
[35m[HTTP][39m [37m<-- POST /wd/hub/session/ca95224c-b119-4436-8ede-36b6b207f992/elements [39m[32m200[39m [90m2047 ms - 139[39m
[35m[HTTP][39m [90m[39m
[35m[HTTP][39m [37m-->[39m [37mPOST[39m [37m/wd/hub/session/ca95224c-b119-4436-8ede-36b6b207f992/elements[39m
[35m[HTTP][39m [90m{"using":"xpath","value":"//*[@class = 'android.widget.ImageView' and @resource-id = 'com.profit.app:id/iv_choose' and (@text = '' or . = '')]"}[39m
[debug] [35m[W3C (ca95224c)][39m Calling AppiumDriver.findElements() with args: ["xpath","//*[@class = 'android.widget.ImageView' and @resource-id = 'com.profit.app:id/iv_choose' and (@text = '' or . = '')]","ca95224c-b119-4436-8ede-36b6b207f992"]
[debug] [35m[BaseDriver][39m Valid locator strategies for this request: xpath, id, class name, accessibility id, css selector, -android uiautomator
[debug] [35m[BaseDriver][39m Waiting up to 60000 ms for condition
[debug] [35m[WD Proxy][39m Matched '/elements' to command name 'findElements'
[debug] [35m[WD Proxy][39m Proxying [POST /elements] to [POST http://127.0.0.1:8231/wd/hub/session/bf6f8549-5230-4941-bbe9-97704d644780/elements] with body: {"strategy":"xpath","selector":"//*[@class = 'android.widget.ImageView' and @resource-id = 'com.profit.app:id/iv_choose' and (@text = '' or . = '')]","context":"","multiple":true}
[debug] [35m[WD Proxy][39m Got response with status 200: {"sessionId":"bf6f8549-5230-4941-bbe9-97704d644780","value":[{"ELEMENT":"00000000-0000-3429-ffff-ffff000001b8","element-6066-11e4-a52e-4f735466cecf":"00000000-0000-3429-ffff-ffff000001b8"},{"ELEMENT":"00000000-0000-3429-ffff-ffff000001c3","element-6066-11e4-a52e-4f735466cecf":"00000000-0000-3429-ffff-ffff000001c3"},{"ELEMENT":"00000000-0000-3429-ffff-ffff000001ce","element-6066-11e4-a52e-4f735466cecf":"00000000-0000-3429-ffff-ffff000001ce"},{"ELEMENT":"00000000-0000-3429-ffff-ffff000001d9","element-6066-11e4-a52e-4f735466cecf":"00000000-0000-3429-ffff-ffff000001d9"},{"ELEMENT":"00000000-0000-3429-ffff-ffff000001e4","element-6066-11e4-a52e-4f735466cecf":"00000000-0000-3429-ffff-ffff000001e4"},{"ELEMENT":"00000000-0000-3429-ffff-ffff000001ef","element-6066-11e4-a52e-4f735466cecf":"00000000-0000-3429-ffff-ffff000001ef"},{"ELEMENT":"00000000-0000-3429-ffff-ffff000001fa","element-6066-11e4-a52e-4f735466cecf":"00000000-0000-3429-ffff-ffff000001fa"},{"ELEMENT":"00000000-0000-3429-ffff-ffff00000205","element-6066-...
[debug] [35m[W3C (ca95224c)][39m Responding to client with driver.findElements() result: [{"element-6066-11e4-a52e-4f735466cecf":"00000000-0000-3429-ffff-ffff000001b8","ELEMENT":"00000000-0000-3429-ffff-ffff000001b8"},{"element-6066-11e4-a52e-4f735466cecf":"00000000-0000-3429-ffff-ffff000001c3","ELEMENT":"00000000-0000-3429-ffff-ffff000001c3"},{"element-6066-11e4-a52e-4f735466cecf":"00000000-0000-3429-ffff-ffff000001ce","ELEMENT":"00000000-0000-3429-ffff-ffff000001ce"},{"element-6066-11e4-a52e-4f735466cecf":"00000000-0000-3429-ffff-ffff000001d9","ELEMENT":"00000000-0000-3429-ffff-ffff000001d9"},{"element-6066-11e4-a52e-4f735466cecf":"00000000-0000-3429-ffff-ffff000001e4","ELEMENT":"00000000-0000-3429-ffff-ffff000001e4"},{"element-6066-11e4-a52e-4f735466cecf":"00000000-0000-3429-ffff-ffff000001ef","ELEMENT":"00000000-0000-3429-ffff-ffff000001ef"},{"element-6066-11e4-a52e-4f735466cecf":"00000000-0000-3429-ffff-ffff000001fa","ELEMENT":"00000000-0000-3429-ffff-ffff000001fa"},{"element-6066-11e4-a52e-4f735466cecf":"00000000-0000-3429-ffff-ffff00000205","ELEMENT":"00000000-0000-3429-ffff-ffff0000020...
[35m[HTTP][39m [37m<-- POST /wd/hub/session/ca95224c-b119-4436-8ede-36b6b207f992/elements [39m[32m200[39m [90m1083 ms - 1035[39m
[35m[HTTP][39m [90m[39m
[35m[HTTP][39m [37m-->[39m [37mPOST[39m [37m/wd/hub/session/ca95224c-b119-4436-8ede-36b6b207f992/elements[39m
[35m[HTTP][39m [90m{"using":"id","value":"com.profit.app:id/iv_choose"}[39m
[debug] [35m[W3C (ca95224c)][39m Calling AppiumDriver.findElements() with args: ["id","com.profit.app:id/iv_choose","ca95224c-b119-4436-8ede-36b6b207f992"]
[debug] [35m[BaseDriver][39m Valid locator strategies for this request: xpath, id, class name, accessibility id, css selector, -android uiautomator
[debug] [35m[BaseDriver][39m Waiting up to 60000 ms for condition
[debug] [35m[WD Proxy][39m Matched '/elements' to command name 'findElements'
[debug] [35m[WD Proxy][39m Proxying [POST /elements] to [POST http://127.0.0.1:8231/wd/hub/session/bf6f8549-5230-4941-bbe9-97704d644780/elements] with body: {"strategy":"id","selector":"com.profit.app:id/iv_choose","context":"","multiple":true}
[debug] [35m[WD Proxy][39m Got response with status 200: {"sessionId":"bf6f8549-5230-4941-bbe9-97704d644780","value":[{"ELEMENT":"00000000-0000-3429-ffff-ffff000001b8","element-6066-11e4-a52e-4f735466cecf":"00000000-0000-3429-ffff-ffff000001b8"},{"ELEMENT":"00000000-0000-3429-ffff-ffff000001c3","element-6066-11e4-a52e-4f735466cecf":"00000000-0000-3429-ffff-ffff000001c3"},{"ELEMENT":"00000000-0000-3429-ffff-ffff000001ce","element-6066-11e4-a52e-4f735466cecf":"00000000-0000-3429-ffff-ffff000001ce"},{"ELEMENT":"00000000-0000-3429-ffff-ffff000001d9","element-6066-11e4-a52e-4f735466cecf":"00000000-0000-3429-ffff-ffff000001d9"},{"ELEMENT":"00000000-0000-3429-ffff-ffff000001e4","element-6066-11e4-a52e-4f735466cecf":"00000000-0000-3429-ffff-ffff000001e4"},{"ELEMENT":"00000000-0000-3429-ffff-ffff000001ef","element-6066-11e4-a52e-4f735466cecf":"00000000-0000-3429-ffff-ffff000001ef"},{"ELEMENT":"00000000-0000-3429-ffff-ffff000001fa","element-6066-11e4-a52e-4f735466cecf":"00000000-0000-3429-ffff-ffff000001fa"},{"ELEMENT":"00000000-0000-3429-ffff-ffff00000205","element-6066-...
[debug] [35m[W3C (ca95224c)][39m Responding to client with driver.findElements() result: [{"element-6066-11e4-a52e-4f735466cecf":"00000000-0000-3429-ffff-ffff000001b8","ELEMENT":"00000000-0000-3429-ffff-ffff000001b8"},{"element-6066-11e4-a52e-4f735466cecf":"00000000-0000-3429-ffff-ffff000001c3","ELEMENT":"00000000-0000-3429-ffff-ffff000001c3"},{"element-6066-11e4-a52e-4f735466cecf":"00000000-0000-3429-ffff-ffff000001ce","ELEMENT":"00000000-0000-3429-ffff-ffff000001ce"},{"element-6066-11e4-a52e-4f735466cecf":"00000000-0000-3429-ffff-ffff000001d9","ELEMENT":"00000000-0000-3429-ffff-ffff000001d9"},{"element-6066-11e4-a52e-4f735466cecf":"00000000-0000-3429-ffff-ffff000001e4","ELEMENT":"00000000-0000-3429-ffff-ffff000001e4"},{"element-6066-11e4-a52e-4f735466cecf":"00000000-0000-3429-ffff-ffff000001ef","ELEMENT":"00000000-0000-3429-ffff-ffff000001ef"},{"element-6066-11e4-a52e-4f735466cecf":"00000000-0000-3429-ffff-ffff000001fa","ELEMENT":"00000000-0000-3429-ffff-ffff000001fa"},{"element-6066-11e4-a52e-4f735466cecf":"00000000-0000-3429-ffff-ffff00000205","ELEMENT":"00000000-0000-3429-ffff-ffff0000020...
[35m[HTTP][39m [37m<-- POST /wd/hub/session/ca95224c-b119-4436-8ede-36b6b207f992/elements [39m[32m200[39m [90m379 ms - 1035[39m
[35m[HTTP][39m [90m[39m
[35m[HTTP][39m [37m-->[39m [37mPOST[39m [37m/wd/hub/session/ca95224c-b119-4436-8ede-36b6b207f992/elements[39m
[35m[HTTP][39m [90m{"using":"-android uiautomator","value":"new UiSelector().className(\"android.widget.ImageView\").resourceId(\"com.profit.app:id/iv_choose\")"}[39m
[debug] [35m[W3C (ca95224c)][39m Calling AppiumDriver.findElements() with args: ["-android uiautomator","new UiSelector().className(\"android.widget.ImageView\").resourceId(\"com.profit.app:id/iv_choose\")","ca95224c-b119-4436-8ede-36b6b207f992"]
[debug] [35m[BaseDriver][39m Valid locator strategies for this request: xpath, id, class name, accessibility id, css selector, -android uiautomator
[debug] [35m[BaseDriver][39m Waiting up to 60000 ms for condition
[debug] [35m[WD Proxy][39m Matched '/elements' to command name 'findElements'
[debug] [35m[WD Proxy][39m Proxying [POST /elements] to [POST http://127.0.0.1:8231/wd/hub/session/bf6f8549-5230-4941-bbe9-97704d644780/elements] with body: {"strategy":"-android uiautomator","selector":"new UiSelector().className(\"android.widget.ImageView\").resourceId(\"com.profit.app:id/iv_choose\")","context":"","multiple":true}
[debug] [35m[WD Proxy][39m Got response with status 200: {"sessionId":"bf6f8549-5230-4941-bbe9-97704d644780","value":[{"ELEMENT":"00000000-0000-3429-ffff-ffff000001b8","element-6066-11e4-a52e-4f735466cecf":"00000000-0000-3429-ffff-ffff000001b8"},{"ELEMENT":"00000000-0000-3429-ffff-ffff000001c3","element-6066-11e4-a52e-4f735466cecf":"00000000-0000-3429-ffff-ffff000001c3"},{"ELEMENT":"00000000-0000-3429-ffff-ffff000001ce","element-6066-11e4-a52e-4f735466cecf":"00000000-0000-3429-ffff-ffff000001ce"},{"ELEMENT":"00000000-0000-3429-ffff-ffff000001d9","element-6066-11e4-a52e-4f735466cecf":"00000000-0000-3429-ffff-ffff000001d9"},{"ELEMENT":"00000000-0000-3429-ffff-ffff000001e4","element-6066-11e4-a52e-4f735466cecf":"00000000-0000-3429-ffff-ffff000001e4"},{"ELEMENT":"00000000-0000-3429-ffff-ffff000001ef","element-6066-11e4-a52e-4f735466cecf":"00000000-0000-3429-ffff-ffff000001ef"},{"ELEMENT":"00000000-0000-3429-ffff-ffff000001fa","element-6066-11e4-a52e-4f735466cecf":"00000000-0000-3429-ffff-ffff000001fa"},{"ELEMENT":"00000000-0000-3429-ffff-ffff00000205","element-6066-...
[debug] [35m[W3C (ca95224c)][39m Responding to client with driver.findElements() result: [{"element-6066-11e4-a52e-4f735466cecf":"00000000-0000-3429-ffff-ffff000001b8","ELEMENT":"00000000-0000-3429-ffff-ffff000001b8"},{"element-6066-11e4-a52e-4f735466cecf":"00000000-0000-3429-ffff-ffff000001c3","ELEMENT":"00000000-0000-3429-ffff-ffff000001c3"},{"element-6066-11e4-a52e-4f735466cecf":"00000000-0000-3429-ffff-ffff000001ce","ELEMENT":"00000000-0000-3429-ffff-ffff000001ce"},{"element-6066-11e4-a52e-4f735466cecf":"00000000-0000-3429-ffff-ffff000001d9","ELEMENT":"00000000-0000-3429-ffff-ffff000001d9"},{"element-6066-11e4-a52e-4f735466cecf":"00000000-0000-3429-ffff-ffff000001e4","ELEMENT":"00000000-0000-3429-ffff-ffff000001e4"},{"element-6066-11e4-a52e-4f735466cecf":"00000000-0000-3429-ffff-ffff000001ef","ELEMENT":"00000000-0000-3429-ffff-ffff000001ef"},{"element-6066-11e4-a52e-4f735466cecf":"00000000-0000-3429-ffff-ffff000001fa","ELEMENT":"00000000-0000-3429-ffff-ffff000001fa"},{"element-6066-11e4-a52e-4f735466cecf":"00000000-0000-3429-ffff-ffff00000205","ELEMENT":"00000000-0000-3429-ffff-ffff0000020...
[35m[HTTP][39m [37m<-- POST /wd/hub/session/ca95224c-b119-4436-8ede-36b6b207f992/elements [39m[32m200[39m [90m808 ms - 1035[39m
[35m[HTTP][39m [90m[39m
[35m[HTTP][39m [37m-->[39m [37mDELETE[39m [37m/wd/hub/session/ca95224c-b119-4436-8ede-36b6b207f992[39m
[35m[HTTP][39m [90m{}[39m
[debug] [35m[W3C (ca95224c)][39m Calling AppiumDriver.deleteSession() with args: ["ca95224c-b119-4436-8ede-36b6b207f992"]
[debug] [35m[BaseDriver][39m Event 'quitSessionRequested' logged at 1700460436468 (14:07:16 GMT+0800 (台北標準時間))
[35m[Appium][39m Removing session ca95224c-b119-4436-8ede-36b6b207f992 from our master session list
[debug] [35m[UiAutomator2][39m Deleting UiAutomator2 session
[debug] [35m[UiAutomator2][39m Deleting UiAutomator2 server session
[debug] [35m[WD Proxy][39m Matched '/' to command name 'deleteSession'
[debug] [35m[WD Proxy][39m Proxying [DELETE /] to [DELETE http://127.0.0.1:8231/wd/hub/session/bf6f8549-5230-4941-bbe9-97704d644780] with no body
[debug] [35m[WD Proxy][39m Got response with status 200: {"sessionId":"bf6f8549-5230-4941-bbe9-97704d644780","value":null}
[debug] [35m[ADB][39m Running 'C:\Users\user\.katalon\tools\android_sdk\platform-tools\adb.exe -P 5037 -s 3458168266003R1 shell am force-stop com.android.settings'
[debug] [35m[Instrumentation][39m .
[debug] [35m[Logcat][39m Stopping logcat capture
[debug] [35m[ADB][39m Removing forwarded port socket connection: 8231 
[debug] [35m[ADB][39m Running 'C:\Users\user\.katalon\tools\android_sdk\platform-tools\adb.exe -P 5037 -s 3458168266003R1 forward --remove tcp:8231'
[35m[UiAutomator2][39m Restoring hidden api policy to the device default configuration
[debug] [35m[ADB][39m Running 'C:\Users\user\.katalon\tools\android_sdk\platform-tools\adb.exe -P 5037 -s 3458168266003R1 shell 'settings delete global hidden_api_policy_pre_p_apps;settings delete global hidden_api_policy_p_apps;settings delete global hidden_api_policy''
[debug] [35m[Instrumentation][39m Time: 87.131
[debug] [35m[Instrumentation][39m 
[debug] [35m[Instrumentation][39m OK (1 test)
[debug] [35m[Instrumentation][39m The process has exited with code 0
[debug] [35m[BaseDriver][39m Event 'quitSessionFinished' logged at 1700460436841 (14:07:16 GMT+0800 (台北標準時間))
[debug] [35m[W3C (ca95224c)][39m Received response: null
[debug] [35m[W3C (ca95224c)][39m But deleting session, so not returning
[debug] [35m[W3C (ca95224c)][39m Responding to client with driver.deleteSession() result: null
[35m[HTTP][39m [37m<-- DELETE /wd/hub/session/ca95224c-b119-4436-8ede-36b6b207f992 [39m[32m200[39m [90m374 ms - 14[39m
[35m[HTTP][39m [90m[39m
